#
# A fatal error has been detected by the Java Runtime Environment:
#
#  EXCEPTION_ACCESS_VIOLATION (0xc0000005) at pc=0x0000000000000000, pid=9180, tid=0x0000000000000438
#
# JRE version: OpenJDK Runtime Environment (8.0_242-b01) (build 1.8.0_242-release-1644-b01)
# Java VM: OpenJDK 64-Bit Server VM (25.242-b01 mixed mode windows-amd64 compressed oops)
# Problematic frame:
# C  0x0000000000000000
#
# Failed to write core dump. Minidumps are not enabled by default on client versions of Windows
#
# If you would like to submit a bug report, please visit:
#   
#

---------------  T H R E A D  ---------------

Current thread (0x0000000017e04000):  JavaThread "C2 CompilerThread0" daemon [_thread_in_native, id=1080, stack(0x0000000019470000,0x0000000019570000)]

siginfo: ExceptionCode=0xc0000005, ExceptionInformation=0x0000000000000008 0x0000000000000000

Registers:
RAX=0x000000001f89b278, RBX=0x000000001956b7e0, RCX=0x00000000329b8418, RDX=0x0000000019a9c5c0
RSP=0x000000001956b668, RBP=0x000000001956b810, RSI=0x00000000329b8418, RDI=0x00000000329b8418
R8 =0x0000000019a9c5c0, R9 =0x000000003999bb00, R10=0x00000000000000e3, R11=0x0000000000001000
R12=0x00000000329b8498, R13=0x0000000039d46ac0, R14=0x0000000030781158, R15=0x0000000019a9c5c0
RIP=0x0000000000000000, EFLAGS=0x0000000000010246

Top of Stack: (sp=0x000000001956b668)
0x000000001956b668:   000000005f70099d 000000001956b7e0
0x000000001956b678:   000000001956b810 00000000329b8418
0x000000001956b688:   0000000000000002 00000000307811c0
0x000000001956b698:   000000005f700c31 000000001956b810
0x000000001956b6a8:   00000000329b8498 000000001956b7e0
0x000000001956b6b8:   00000000329b8498 00000000307811c0
0x000000001956b6c8:   0000000030781110 000000001956b7e0
0x000000001956b6d8:   000000005f700eb0 0000000030781158
0x000000001956b6e8:   000000001956b810 0000000000000001
0x000000001956b6f8:   000000003999af00 0000000000000000
0x000000001956b708:   000000005f701ddc 0000000030781110
0x000000001956b718:   000000001956be20 000000001956be20
0x000000001956b728:   0000000000000000 0000000000000100
0x000000001956b738:   000000003999b410 000000005f89f9e8
0x000000001956b748:   0000000017dc4a00 0000000000000040
0x000000001956b758:   000000003999b810 000000003999b310 

Instructions: (pc=0x0000000000000000)
0xffffffffffffffe0:   


Register to memory mapping:

RAX=0x000000001f89b278 is an unknown value
RBX=0x000000001956b7e0 is pointing into the stack for thread: 0x0000000017e04000
RCX=0x00000000329b8418 is an unknown value
RDX=0x0000000019a9c5c0 is an unknown value
RSP=0x000000001956b668 is pointing into the stack for thread: 0x0000000017e04000
RBP=0x000000001956b810 is pointing into the stack for thread: 0x0000000017e04000
RSI=0x00000000329b8418 is an unknown value
RDI=0x00000000329b8418 is an unknown value
R8 =0x0000000019a9c5c0 is an unknown value
R9 =0x000000003999bb00 is an unknown value
R10=0x00000000000000e3 is an unknown value
R11=0x0000000000001000 is an unknown value
R12=0x00000000329b8498 is an unknown value
R13=0x0000000039d46ac0 is an unknown value
R14=0x0000000030781158 is an unknown value
R15=0x0000000019a9c5c0 is an unknown value


Stack: [0x0000000019470000,0x0000000019570000],  sp=0x000000001956b668,  free space=1005k
Native frames: (J=compiled Java code, j=interpreted, Vv=VM code, C=native code)


Current CompileTask:
C2:2692748 28983       4       com.android.tools.r8.ir.optimize.l::v (844 bytes)


---------------  P R O C E S S  ---------------

Java Threads: ( => current thread )
  0x00000000311e2000 JavaThread "ForkJoinPool-4-worker-0" daemon [_thread_blocked, id=10068, stack(0x0000000038950000,0x0000000038a50000)]
  0x00000000311e8000 JavaThread "ForkJoinPool-4-worker-1" daemon [_thread_blocked, id=8912, stack(0x0000000032380000,0x0000000032480000)]
  0x00000000311e6800 JavaThread "WorkerExecutor Queue Thread 7" [_thread_blocked, id=8708, stack(0x000000002e840000,0x000000002e940000)]
  0x00000000311e0800 JavaThread "WorkerExecutor Queue Thread 6" [_thread_in_Java, id=8812, stack(0x000000002e610000,0x000000002e710000)]
  0x0000000022d3d000 JavaThread "Cache worker for Java compile cache (C:\Users\Asus\AndroidStudioProjects\ExamenAndroid\.gradle\6.1.1\javaCompile)" [_thread_blocked, id=9640, stack(0x000000002fae0000,0x000000002fbe0000)]
  0x0000000022d3c800 JavaThread "Cache worker for Java compile cache (C:\Users\Asus\.gradle\caches\6.1.1\javaCompile)" [_thread_blocked, id=3112, stack(0x000000002eb40000,0x000000002ec40000)]
  0x0000000022d3b000 JavaThread "stdout" [_thread_in_native, id=4232, stack(0x000000002f440000,0x000000002f540000)]
  0x0000000022d40000 JavaThread "stderr" [_thread_in_native, id=10212, stack(0x000000002f340000,0x000000002f440000)]
  0x0000000022d3a000 JavaThread "stdout" [_thread_in_native, id=2228, stack(0x000000002f240000,0x000000002f340000)]
  0x0000000022d3e800 JavaThread "stderr" [_thread_in_native, id=4248, stack(0x000000002f140000,0x000000002f240000)]
  0x0000000022d3b800 JavaThread "stdout" [_thread_in_native, id=10176, stack(0x000000002f040000,0x000000002f140000)]
  0x0000000022d3f800 JavaThread "stderr" [_thread_in_native, id=5940, stack(0x000000002ef40000,0x000000002f040000)]
  0x000000001b981800 JavaThread "stdout" [_thread_in_native, id=9888, stack(0x000000002ee40000,0x000000002ef40000)]
  0x000000001b987800 JavaThread "stderr" [_thread_in_native, id=1516, stack(0x000000002ed40000,0x000000002ee40000)]
  0x000000001b985800 JavaThread "pool-28-thread-1" [_thread_blocked, id=8952, stack(0x000000002ec40000,0x000000002ed40000)]
  0x000000001c0b4800 JavaThread "WorkerExecutor Queue Thread 3" [_thread_blocked, id=10132, stack(0x000000002e740000,0x000000002e840000)]
  0x000000001c0b3000 JavaThread "WorkerExecutor Queue Thread 2" [_thread_blocked, id=9632, stack(0x000000002e510000,0x000000002e610000)]
  0x000000001c0a7000 JavaThread "Cache worker for execution history cache (C:\Users\Asus\AndroidStudioProjects\ExamenAndroid\.gradle\6.1.1\executionHistory)" [_thread_blocked, id=8744, stack(0x000000002e410000,0x000000002e510000)]
  0x000000001c0ae000 JavaThread "Execution worker for ':' Thread 3" [_thread_blocked, id=9204, stack(0x000000002e060000,0x000000002e160000)]
  0x000000001c0aa000 JavaThread "Execution worker for ':' Thread 2" [_thread_blocked, id=7336, stack(0x000000002ced0000,0x000000002cfd0000)]
  0x000000001c0a6800 JavaThread "Execution worker for ':'" [_thread_blocked, id=4116, stack(0x000000002cdd0000,0x000000002ced0000)]
  0x000000001c0ad000 JavaThread "Cache worker for file content cache (C:\Users\Asus\AndroidStudioProjects\ExamenAndroid\.gradle\6.1.1\fileContent)" [_thread_blocked, id=8416, stack(0x000000002cad0000,0x000000002cbd0000)]
  0x000000001c0a8800 JavaThread "Cache worker for Build Output Cleanup Cache (C:\Users\Asus\AndroidStudioProjects\ExamenAndroid\.gradle\buildOutputCleanup)" [_thread_blocked, id=9044, stack(0x000000002a2f0000,0x000000002a3f0000)]
  0x000000001c0ab800 JavaThread "Build operations Thread 4" [_thread_blocked, id=7432, stack(0x0000000028dc0000,0x0000000028ec0000)]
  0x0000000022b55800 JavaThread "Build operations Thread 3" [_thread_blocked, id=6164, stack(0x0000000027310000,0x0000000027410000)]
  0x0000000022b4e000 JavaThread "Build operations Thread 2" [_thread_blocked, id=2952, stack(0x0000000025de0000,0x0000000025ee0000)]
  0x0000000022b53800 JavaThread "Build operations" [_thread_blocked, id=2656, stack(0x0000000025980000,0x0000000025a80000)]
  0x0000000022b52800 JavaThread "Cache worker for cache directory md-rule (C:\Users\Asus\.gradle\caches\6.1.1\md-rule)" [_thread_blocked, id=8868, stack(0x0000000024330000,0x0000000024430000)]
  0x0000000022b51000 JavaThread "Cache worker for cache directory md-supplier (C:\Users\Asus\.gradle\caches\6.1.1\md-supplier)" [_thread_blocked, id=7456, stack(0x0000000022970000,0x0000000022a70000)]
  0x0000000022b4f800 JavaThread "Cache worker for file hash cache (C:\Users\Asus\AndroidStudioProjects\ExamenAndroid\.gradle\6.1.1\fileHashes)" [_thread_blocked, id=10164, stack(0x0000000022870000,0x0000000022970000)]
  0x0000000022b50800 JavaThread "Cache worker for checksums cache (C:\Users\Asus\AndroidStudioProjects\ExamenAndroid\.gradle\checksums)" [_thread_blocked, id=2884, stack(0x0000000020360000,0x0000000020460000)]
  0x0000000022b55000 JavaThread "Thread-221" [_thread_blocked, id=6896, stack(0x0000000020060000,0x0000000020160000)]
  0x0000000022b4c800 JavaThread "Asynchronous log dispatcher for DefaultDaemonConnection: socket connection from /127.0.0.1:62994 to /127.0.0.1:63453" [_thread_blocked, id=6168, stack(0x000000001cfc0000,0x000000001d0c0000)]
  0x0000000022b49800 JavaThread "Cancel handler" [_thread_blocked, id=9316, stack(0x0000000001550000,0x0000000001650000)]
  0x0000000022b48000 JavaThread "Handler for socket connection from /127.0.0.1:62994 to /127.0.0.1:63453" [_thread_in_native, id=9588, stack(0x0000000001450000,0x0000000001550000)]
  0x0000000022b49000 JavaThread "Cache worker for file content cache (C:\Users\Asus\.gradle\caches\6.1.1\fileContent)" [_thread_blocked, id=2872, stack(0x000000002c9d0000,0x000000002cad0000)]
  0x000000001c0b1800 JavaThread "Memory manager" [_thread_blocked, id=2312, stack(0x000000002b7f0000,0x000000002b8f0000)]
  0x0000000022b4c000 JavaThread "Daemon worker Thread 8" [_thread_blocked, id=8580, stack(0x000000001cec0000,0x000000001cfc0000)]
  0x0000000022b47800 JavaThread "Daemon Thread 8" [_thread_blocked, id=6204, stack(0x0000000001350000,0x0000000001450000)]
  0x000000001b982800 JavaThread "Cache worker for execution history cache (C:\Users\Asus\.gradle\caches\6.1.1\executionHistory)" [_thread_blocked, id=8572, stack(0x00000000206c0000,0x00000000207c0000)]
  0x000000001b981000 JavaThread "Cache worker for file hash cache (C:\Users\Asus\.gradle\caches\6.1.1\fileHashes)" [_thread_blocked, id=7516, stack(0x000000001dbc0000,0x000000001dcc0000)]
  0x000000001b987000 JavaThread "File lock request listener" [_thread_in_native, id=8428, stack(0x000000001dac0000,0x000000001dbc0000)]
  0x000000001a04c000 JavaThread "Cache worker for journal cache (C:\Users\Asus\.gradle\caches\journal-1)" [_thread_blocked, id=9760, stack(0x000000001d9c0000,0x000000001dac0000)]
  0x000000001b8b9000 JavaThread "Daemon periodic checks" [_thread_blocked, id=8992, stack(0x000000001cdc0000,0x000000001cec0000)]
  0x000000001b8d4000 JavaThread "Incoming local TCP Connector on port 62994" [_thread_in_native, id=6612, stack(0x000000001cb50000,0x000000001cc50000)]
  0x000000001b3c1800 JavaThread "Daemon health stats" [_thread_blocked, id=8880, stack(0x000000001c510000,0x000000001c610000)]
  0x0000000019798800 JavaThread "Service Thread" daemon [_thread_blocked, id=8268, stack(0x0000000019b70000,0x0000000019c70000)]
  0x0000000017e13000 JavaThread "C1 CompilerThread2" daemon [_thread_blocked, id=8544, stack(0x0000000019670000,0x0000000019770000)]
  0x0000000017e0b000 JavaThread "C2 CompilerThread1" daemon [_thread_in_native, id=2404, stack(0x0000000019570000,0x0000000019670000)]
=>0x0000000017e04000 JavaThread "C2 CompilerThread0" daemon [_thread_in_native, id=1080, stack(0x0000000019470000,0x0000000019570000)]
  0x0000000017e03000 JavaThread "Attach Listener" daemon [_thread_blocked, id=1252, stack(0x0000000019370000,0x0000000019470000)]
  0x0000000017e01800 JavaThread "Signal Dispatcher" daemon [_thread_blocked, id=6708, stack(0x0000000019270000,0x0000000019370000)]
  0x00000000031de000 JavaThread "Finalizer" daemon [_thread_blocked, id=4992, stack(0x0000000019050000,0x0000000019150000)]
  0x00000000031d3000 JavaThread "Reference Handler" daemon [_thread_blocked, id=8820, stack(0x0000000018f50000,0x0000000019050000)]
  0x0000000002fbe000 JavaThread "main" [_thread_blocked, id=3652, stack(0x0000000002fe0000,0x00000000030e0000)]

Other Threads:
  0x0000000017dc5800 VMThread [stack: 0x0000000018e50000,0x0000000018f50000] [id=5056]
  0x0000000017e5d000 WatcherThread [stack: 0x0000000019c70000,0x0000000019d70000] [id=1256]

VM state:not at safepoint (normal execution)

VM Mutex/Monitor currently owned by a thread: None

heap address: 0x0000000080000000, size: 2048 MB, Compressed Oops mode: 32-bit
Narrow klass base: 0x0000000000000000, Narrow klass shift: 3
Compressed class space size: 1073741824 Address: 0x0000000100000000

Heap:
 PSYoungGen      total 654848K, used 230613K [0x00000000d5580000, 0x00000000ffc80000, 0x0000000100000000)
  eden space 613376K, 36% used [0x00000000d5580000,0x00000000e30d5748,0x00000000fac80000)
  from space 41472K, 14% used [0x00000000fd400000,0x00000000fd9e0088,0x00000000ffc80000)
  to   space 40448K, 0% used [0x00000000fac80000,0x00000000fac80000,0x00000000fd400000)
 ParOldGen       total 329216K, used 213007K [0x0000000080000000, 0x0000000094180000, 0x00000000d5580000)
  object space 329216K, 64% used [0x0000000080000000,0x000000008d003ee8,0x0000000094180000)
 Metaspace       used 179163K, capacity 188852K, committed 189104K, reserved 1214464K
  class space    used 23019K, capacity 24873K, committed 25008K, reserved 1048576K

Card table byte_map: [0x00000000125a0000,0x00000000129b0000] byte_map_base: 0x00000000121a0000

Marking Bits: (ParMarkBitMap*) 0x000000005fa2f030
 Begin Bits: [0x0000000013060000, 0x0000000015060000)
 End Bits:   [0x0000000015060000, 0x0000000017060000)

Polling page: 0x0000000001170000

CodeCache: size=245760Kb used=89101Kb max_used=89115Kb free=156658Kb
 bounds [0x00000000031e0000, 0x0000000008960000, 0x00000000121e0000]
 total_blobs=24271 nmethods=23317 adapters=865
 compilation: enabled

Compilation events (10 events):
Event: 2691.622 Thread 0x0000000017e04000 nmethod 29160 0x0000000007bd13d0 code [0x0000000007bd15c0, 0x0000000007bd1f10]
Event: 2691.622 Thread 0x0000000017e04000 28567       4       com.android.tools.r8.ir.optimize.l::b (440 bytes)
Event: 2692.153 Thread 0x0000000017e04000 nmethod 28567 0x00000000089503d0 code [0x00000000089507e0, 0x0000000008953478]
Event: 2692.153 Thread 0x0000000017e04000 28566       4       com.android.tools.r8.ir.conversion.o::<init> (238 bytes)
Event: 2692.232 Thread 0x0000000017e04000 nmethod 28566 0x0000000007bced50 code [0x0000000007bcefe0, 0x0000000007bd01f0]
Event: 2692.233 Thread 0x0000000017e04000 27501       4       com.android.tools.r8.s.a.a.b.m2::contains (58 bytes)
Event: 2692.237 Thread 0x0000000017e04000 nmethod 27501 0x0000000007946610 code [0x0000000007946760, 0x0000000007946978]
Event: 2692.237 Thread 0x0000000017e04000 28809       4       com.android.tools.r8.dex.m::a (258 bytes)
Event: 2692.276 Thread 0x0000000017e04000 nmethod 28809 0x0000000008957b50 code [0x0000000008957d60, 0x0000000008958a48]
Event: 2692.276 Thread 0x0000000017e04000 28983       4       com.android.tools.r8.ir.optimize.l::v (844 bytes)

GC Heap History (10 events):
Event: 2663.541 GC heap before
{Heap before GC invocations=33 (full 5):
 PSYoungGen      total 646144K, used 609805K [0x00000000d5580000, 0x00000000ffb80000, 0x0000000100000000)
  eden space 596480K, 100% used [0x00000000d5580000,0x00000000f9c00000,0x00000000f9c00000)
  from space 49664K, 26% used [0x00000000f9c00000,0x00000000fa903528,0x00000000fcc80000)
  to   space 47616K, 0% used [0x00000000fcd00000,0x00000000fcd00000,0x00000000ffb80000)
 ParOldGen       total 329216K, used 187013K [0x0000000080000000, 0x0000000094180000, 0x00000000d5580000)
  object space 329216K, 56% used [0x0000000080000000,0x000000008b6a16a8,0x0000000094180000)
 Metaspace       used 177869K, capacity 187408K, committed 187568K, reserved 1212416K
  class space    used 22891K, capacity 24719K, committed 24752K, reserved 1048576K
Event: 2663.592 GC heap after
Heap after GC invocations=33 (full 5):
 PSYoungGen      total 647168K, used 4990K [0x00000000d5580000, 0x00000000ffd00000, 0x0000000100000000)
  eden space 599552K, 0% used [0x00000000d5580000,0x00000000d5580000,0x00000000f9f00000)
  from space 47616K, 10% used [0x00000000fcd00000,0x00000000fd1dfac0,0x00000000ffb80000)
  to   space 47104K, 0% used [0x00000000f9f00000,0x00000000f9f00000,0x00000000fcd00000)
 ParOldGen       total 329216K, used 195205K [0x0000000080000000, 0x0000000094180000, 0x00000000d5580000)
  object space 329216K, 59% used [0x0000000080000000,0x000000008bea1518,0x0000000094180000)
 Metaspace       used 177869K, capacity 187408K, committed 187568K, reserved 1212416K
  class space    used 22891K, capacity 24719K, committed 24752K, reserved 1048576K
}
Event: 2666.711 GC heap before
{Heap before GC invocations=34 (full 5):
 PSYoungGen      total 647168K, used 604542K [0x00000000d5580000, 0x00000000ffd00000, 0x0000000100000000)
  eden space 599552K, 100% used [0x00000000d5580000,0x00000000f9f00000,0x00000000f9f00000)
  from space 47616K, 10% used [0x00000000fcd00000,0x00000000fd1dfac0,0x00000000ffb80000)
  to   space 47104K, 0% used [0x00000000f9f00000,0x00000000f9f00000,0x00000000fcd00000)
 ParOldGen       total 329216K, used 195205K [0x0000000080000000, 0x0000000094180000, 0x00000000d5580000)
  object space 329216K, 59% used [0x0000000080000000,0x000000008bea1518,0x0000000094180000)
 Metaspace       used 177906K, capacity 187490K, committed 187568K, reserved 1212416K
  class space    used 22892K, capacity 24720K, committed 24752K, reserved 1048576K
Event: 2666.738 GC heap after
Heap after GC invocations=34 (full 5):
 PSYoungGen      total 646656K, used 10546K [0x00000000d5580000, 0x00000000ffb80000, 0x0000000100000000)
  eden space 599552K, 0% used [0x00000000d5580000,0x00000000d5580000,0x00000000f9f00000)
  from space 47104K, 22% used [0x00000000f9f00000,0x00000000fa94c848,0x00000000fcd00000)
  to   space 45056K, 0% used [0x00000000fcf80000,0x00000000fcf80000,0x00000000ffb80000)
 ParOldGen       total 329216K, used 196289K [0x0000000080000000, 0x0000000094180000, 0x00000000d5580000)
  object space 329216K, 59% used [0x0000000080000000,0x000000008bfb06d0,0x0000000094180000)
 Metaspace       used 177906K, capacity 187490K, committed 187568K, reserved 1212416K
  class space    used 22892K, capacity 24720K, committed 24752K, reserved 1048576K
}
Event: 2670.203 GC heap before
{Heap before GC invocations=35 (full 5):
 PSYoungGen      total 646656K, used 610098K [0x00000000d5580000, 0x00000000ffb80000, 0x0000000100000000)
  eden space 599552K, 100% used [0x00000000d5580000,0x00000000f9f00000,0x00000000f9f00000)
  from space 47104K, 22% used [0x00000000f9f00000,0x00000000fa94c848,0x00000000fcd00000)
  to   space 45056K, 0% used [0x00000000fcf80000,0x00000000fcf80000,0x00000000ffb80000)
 ParOldGen       total 329216K, used 196289K [0x0000000080000000, 0x0000000094180000, 0x00000000d5580000)
  object space 329216K, 59% used [0x0000000080000000,0x000000008bfb06d0,0x0000000094180000)
 Metaspace       used 177940K, capacity 187496K, committed 187568K, reserved 1212416K
  class space    used 22892K, capacity 24721K, committed 24752K, reserved 1048576K
Event: 2670.425 GC heap after
Heap after GC invocations=35 (full 5):
 PSYoungGen      total 649728K, used 18539K [0x00000000d5580000, 0x00000000ffa00000, 0x0000000100000000)
  eden space 606208K, 0% used [0x00000000d5580000,0x00000000d5580000,0x00000000fa580000)
  from space 43520K, 42% used [0x00000000fcf80000,0x00000000fe19afa0,0x00000000ffa00000)
  to   space 43008K, 0% used [0x00000000fa580000,0x00000000fa580000,0x00000000fcf80000)
 ParOldGen       total 329216K, used 196289K [0x0000000080000000, 0x0000000094180000, 0x00000000d5580000)
  object space 329216K, 59% used [0x0000000080000000,0x000000008bfb06d0,0x0000000094180000)
 Metaspace       used 177940K, capacity 187496K, committed 187568K, reserved 1212416K
  class space    used 22892K, capacity 24721K, committed 24752K, reserved 1048576K
}
Event: 2674.706 GC heap before
{Heap before GC invocations=36 (full 5):
 PSYoungGen      total 649728K, used 624747K [0x00000000d5580000, 0x00000000ffa00000, 0x0000000100000000)
  eden space 606208K, 100% used [0x00000000d5580000,0x00000000fa580000,0x00000000fa580000)
  from space 43520K, 42% used [0x00000000fcf80000,0x00000000fe19afa0,0x00000000ffa00000)
  to   space 43008K, 0% used [0x00000000fa580000,0x00000000fa580000,0x00000000fcf80000)
 ParOldGen       total 329216K, used 196289K [0x0000000080000000, 0x0000000094180000, 0x00000000d5580000)
  object space 329216K, 59% used [0x0000000080000000,0x000000008bfb06d0,0x0000000094180000)
 Metaspace       used 178469K, capacity 188130K, committed 188464K, reserved 1212416K
  class space    used 22952K, capacity 24780K, committed 24880K, reserved 1048576K
Event: 2674.777 GC heap after
Heap after GC invocations=36 (full 5):
 PSYoungGen      total 649216K, used 11072K [0x00000000d5580000, 0x00000000ffc80000, 0x0000000100000000)
  eden space 606208K, 0% used [0x00000000d5580000,0x00000000d5580000,0x00000000fa580000)
  from space 43008K, 25% used [0x00000000fa580000,0x00000000fb0501b8,0x00000000fcf80000)
  to   space 41472K, 0% used [0x00000000fd400000,0x00000000fd400000,0x00000000ffc80000)
 ParOldGen       total 329216K, used 209421K [0x0000000080000000, 0x0000000094180000, 0x00000000d5580000)
  object space 329216K, 63% used [0x0000000080000000,0x000000008cc837a0,0x0000000094180000)
 Metaspace       used 178469K, capacity 188130K, committed 188464K, reserved 1212416K
  class space    used 22952K, capacity 24780K, committed 24880K, reserved 1048576K
}
Event: 2680.997 GC heap before
{Heap before GC invocations=37 (full 5):
 PSYoungGen      total 649216K, used 617280K [0x00000000d5580000, 0x00000000ffc80000, 0x0000000100000000)
  eden space 606208K, 100% used [0x00000000d5580000,0x00000000fa580000,0x00000000fa580000)
  from space 43008K, 25% used [0x00000000fa580000,0x00000000fb0501b8,0x00000000fcf80000)
  to   space 41472K, 0% used [0x00000000fd400000,0x00000000fd400000,0x00000000ffc80000)
 ParOldGen       total 329216K, used 209421K [0x0000000080000000, 0x0000000094180000, 0x00000000d5580000)
  object space 329216K, 63% used [0x0000000080000000,0x000000008cc837a0,0x0000000094180000)
 Metaspace       used 179095K, capacity 188846K, committed 189104K, reserved 1214464K
  class space    used 23017K, capacity 24872K, committed 25008K, reserved 1048576K
Event: 2681.043 GC heap after
Heap after GC invocations=37 (full 5):
 PSYoungGen      total 654848K, used 6016K [0x00000000d5580000, 0x00000000ffc80000, 0x0000000100000000)
  eden space 613376K, 0% used [0x00000000d5580000,0x00000000d5580000,0x00000000fac80000)
  from space 41472K, 14% used [0x00000000fd400000,0x00000000fd9e0088,0x00000000ffc80000)
  to   space 40448K, 0% used [0x00000000fac80000,0x00000000fac80000,0x00000000fd400000)
 ParOldGen       total 329216K, used 213007K [0x0000000080000000, 0x0000000094180000, 0x00000000d5580000)
  object space 329216K, 64% used [0x0000000080000000,0x000000008d003ee8,0x0000000094180000)
 Metaspace       used 179095K, capacity 188846K, committed 189104K, reserved 1214464K
  class space    used 23017K, capacity 24872K, committed 25008K, reserved 1048576K
}

Deoptimization events (10 events):
Event: 2677.654 Thread 0x000000001c0aa000 Uncommon trap: reason=class_check action=maybe_recompile pc=0x0000000004b5948c method=org.gradle.internal.snapshot.AbstractIncompleteSnapshotWithChildren.store(Lorg/gradle/internal/snapshot/VfsRelativePath;Lorg/gradle/internal/snapshot/CaseSensitivity;Lor
Event: 2677.842 Thread 0x000000001c0b4800 Uncommon trap: reason=bimorphic action=maybe_recompile pc=0x00000000072a9174 method=kotlin.comparisons.ComparisonsKt__ComparisonsKt.compareValues(Ljava/lang/Comparable;Ljava/lang/Comparable;)I @ 21
Event: 2678.154 Thread 0x00000000311e2800 Uncommon trap: reason=unstable_if action=reinterpret pc=0x0000000003d872b0 method=java.util.Arrays.hashCode([Ljava/lang/Object;)I @ 1
Event: 2678.893 Thread 0x000000001c0a6800 Uncommon trap: reason=unstable_if action=reinterpret pc=0x00000000081858ec method=com.android.tools.r8.ir.regalloc.a.a(Lcom/android/tools/r8/ir/regalloc/a$a;Z)Lcom/android/tools/r8/ir/regalloc/a$a; @ 3120
Event: 2680.152 Thread 0x000000001c0a6800 Uncommon trap: reason=class_check action=maybe_recompile pc=0x000000000801c578 method=com.android.tools.r8.ir.conversion.o.a(Lcom/android/tools/r8/ir/conversion/N;IZ)V @ 526
Event: 2680.505 Thread 0x000000001c0a6800 Uncommon trap: reason=class_check action=maybe_recompile pc=0x000000000801c578 method=com.android.tools.r8.ir.conversion.o.a(Lcom/android/tools/r8/ir/conversion/N;IZ)V @ 526
Event: 2680.846 Thread 0x000000001c0b4800 Uncommon trap: reason=unstable_if action=reinterpret pc=0x0000000006535fd0 method=java.util.stream.StreamOpFlag.getMask(I)I @ 1
Event: 2682.849 Thread 0x00000000311e0800 Uncommon trap: reason=unstable_if action=reinterpret pc=0x0000000006cd3ad8 method=java.nio.Bits.copyToArray(JLjava/lang/Object;JJJ)V @ 19
Event: 2684.121 Thread 0x00000000311e8000 Uncommon trap: reason=unstable_if action=reinterpret pc=0x000000000372cd6c method=java.util.concurrent.ConcurrentLinkedQueue.offer(Ljava/lang/Object;)Z @ 91
Event: 2686.955 Thread 0x00000000311e0800 Uncommon trap: reason=unstable_if action=reinterpret pc=0x0000000003dc695c method=java.util.HashMap.getNode(ILjava/lang/Object;)Ljava/util/HashMap$Node; @ 84

Classes redefined (0 events):
No events

Internal exceptions (10 events):
Event: 2673.418 Thread 0x000000001c0b3000 Exception <a 'sun/nio/fs/WindowsException'> (0x00000000edc8fc18) thrown at [C:\src\AOSP-openjdk-git\hotspot\src\share\vm\prims\jni.cpp, line 710]
Event: 2673.691 Thread 0x000000001c0b3000 Exception <a 'sun/nio/fs/WindowsException'> (0x00000000edc977e8) thrown at [C:\src\AOSP-openjdk-git\hotspot\src\share\vm\prims\jni.cpp, line 710]
Event: 2673.746 Thread 0x000000001c0b3000 Exception <a 'sun/nio/fs/WindowsException'> (0x00000000edc9dec8) thrown at [C:\src\AOSP-openjdk-git\hotspot\src\share\vm\prims\jni.cpp, line 710]
Event: 2675.859 Thread 0x000000001c0aa000 Exception <a 'sun/nio/fs/WindowsException'> (0x00000000d798e940) thrown at [C:\src\AOSP-openjdk-git\hotspot\src\share\vm\prims\jni.cpp, line 710]
Event: 2677.444 Thread 0x000000001c0b3000 Exception <a 'sun/nio/fs/WindowsException'> (0x00000000e3084af0) thrown at [C:\src\AOSP-openjdk-git\hotspot\src\share\vm\prims\jni.cpp, line 710]
Event: 2678.154 Thread 0x00000000311e2800 Implicit null exception at 0x0000000003d871af to 0x0000000003d872a1
Event: 2679.430 Thread 0x00000000311e5800 Exception <a 'sun/nio/fs/WindowsException'> (0x00000000eb8ca0b0) thrown at [C:\src\AOSP-openjdk-git\hotspot\src\share\vm\prims\jni.cpp, line 710]
Event: 2681.847 Thread 0x0000000022b4c000 Exception <a 'sun/nio/fs/WindowsException'> (0x00000000d5c89088) thrown at [C:\src\AOSP-openjdk-git\hotspot\src\share\vm\prims\jni.cpp, line 710]
Event: 2682.487 Thread 0x000000001c0a6800 Exception <a 'sun/nio/fs/WindowsException'> (0x00000000d8278ca0) thrown at [C:\src\AOSP-openjdk-git\hotspot\src\share\vm\prims\jni.cpp, line 710]
Event: 2683.053 Thread 0x00000000311e0800 Exception <a 'sun/nio/fs/WindowsException'> (0x00000000d8f11aa8) thrown at [C:\src\AOSP-openjdk-git\hotspot\src\share\vm\prims\jni.cpp, line 710]

Events (10 events):
Event: 2686.818 Executing VM operation: RevokeBias done
Event: 2686.818 Thread 0x00000000311e1000 Thread exited: 0x00000000311e1000
Event: 2686.955 Thread 0x00000000311e0800 Uncommon trap: trap_request=0xffffff65 fr.pc=0x0000000003dc695c
Event: 2686.955 Thread 0x00000000311e0800 DEOPT PACKING pc=0x0000000003dc695c sp=0x000000002e70dd60
Event: 2686.955 Thread 0x00000000311e0800 DEOPT UNPACKING pc=0x000000000322557b sp=0x000000002e70dc18 mode 2
Event: 2688.045 Thread 0x00000000311e0800 DEOPT PACKING pc=0x00000000081a8ff7 sp=0x000000002e70e030
Event: 2688.045 Thread 0x00000000311e0800 DEOPT UNPACKING pc=0x00000000032275d0 sp=0x000000002e70dd88 mode 0
Event: 2691.709 Executing VM operation: RevokeBias
Event: 2691.721 Executing VM operation: RevokeBias done
Event: 2691.721 Thread 0x00000000311e8800 Thread exited: 0x00000000311e8800


Dynamic libraries:
0x00007ff6ed7b0000 - 0x00007ff6ed7e1000 	C:\Program Files\Android\Android Studio1\jre\bin\java.exe
0x00007fff22770000 - 0x00007fff22966000 	C:\WINDOWS\SYSTEM32\ntdll.dll
0x00007fff21dd0000 - 0x00007fff21e8d000 	C:\WINDOWS\System32\KERNEL32.DLL
0x00007fff201f0000 - 0x00007fff204b8000 	C:\WINDOWS\System32\KERNELBASE.dll
0x00007fff207e0000 - 0x00007fff2088a000 	C:\WINDOWS\System32\ADVAPI32.dll
0x00007fff21550000 - 0x00007fff215ee000 	C:\WINDOWS\System32\msvcrt.dll
0x00007fff20b10000 - 0x00007fff20bab000 	C:\WINDOWS\System32\sechost.dll
0x00007fff215f0000 - 0x00007fff21714000 	C:\WINDOWS\System32\RPCRT4.dll
0x00007fff20970000 - 0x00007fff20b10000 	C:\WINDOWS\System32\USER32.dll
0x00007fff20170000 - 0x00007fff20192000 	C:\WINDOWS\System32\win32u.dll
0x00007fff20c10000 - 0x00007fff20c3a000 	C:\WINDOWS\System32\GDI32.dll
0x00007fff204c0000 - 0x00007fff205c9000 	C:\WINDOWS\System32\gdi32full.dll
0x00007fff1fec0000 - 0x00007fff1ff5d000 	C:\WINDOWS\System32\msvcp_win.dll
0x00007fff205d0000 - 0x00007fff206d0000 	C:\WINDOWS\System32\ucrtbase.dll
0x00007fff11d70000 - 0x00007fff1200b000 	C:\WINDOWS\WinSxS\amd64_microsoft.windows.common-controls_6595b64144ccf1df_6.0.19041.488_none_ca04af081b815d21\COMCTL32.dll
0x00007fff20940000 - 0x00007fff20970000 	C:\WINDOWS\System32\IMM32.DLL
0x00007fff1f880000 - 0x00007fff1f8b6000 	C:\WINDOWS\system32\DriverStore\FileRepository\nvam.inf_amd64_1aae4f19e68d0780\nvinitx.dll
0x00007fff1f870000 - 0x00007fff1f87a000 	C:\WINDOWS\SYSTEM32\VERSION.dll
0x00007fff21e90000 - 0x00007fff225d0000 	C:\WINDOWS\System32\Shell32.dll
0x00007fff1dfa0000 - 0x00007fff1e734000 	C:\WINDOWS\SYSTEM32\windows.storage.dll
0x00007fff21720000 - 0x00007fff21a75000 	C:\WINDOWS\System32\combase.dll
0x00007fff1f930000 - 0x00007fff1f95c000 	C:\WINDOWS\SYSTEM32\Wldp.dll
0x00007fff21a80000 - 0x00007fff21b2e000 	C:\WINDOWS\System32\SHCORE.dll
0x00007fff20bb0000 - 0x00007fff20c05000 	C:\WINDOWS\System32\shlwapi.dll
0x0000000060f00000 - 0x0000000060f06000 	C:\Program Files\NVIDIA Corporation\CoProcManager\_etoured.dll
0x00007fff171f0000 - 0x00007fff17233000 	C:\Program Files\NVIDIA Corporation\CoProcManager\nvd3d9wrapx.dll
0x00007fff20ee0000 - 0x00007fff21347000 	C:\WINDOWS\System32\SETUPAPI.dll
0x00007fff201a0000 - 0x00007fff201ee000 	C:\WINDOWS\System32\cfgmgr32.dll
0x00007fff20750000 - 0x00007fff20777000 	C:\WINDOWS\System32\bcrypt.dll
0x00007fff171c0000 - 0x00007fff171ed000 	C:\Program Files\NVIDIA Corporation\CoProcManager\nvdxgiwrapx.dll
0x000000005f0a0000 - 0x000000005f172000 	C:\Program Files\Android\Android Studio1\jre\jre\bin\msvcr100.dll
0x000000005f260000 - 0x000000005faab000 	C:\Program Files\Android\Android Studio1\jre\jre\bin\server\jvm.dll
0x00007fff20cc0000 - 0x00007fff20cc8000 	C:\WINDOWS\System32\PSAPI.DLL
0x00007fff1dde0000 - 0x00007fff1dde9000 	C:\WINDOWS\SYSTEM32\WSOCK32.dll
0x00007fff15da0000 - 0x00007fff15dc7000 	C:\WINDOWS\SYSTEM32\WINMM.dll
0x00007fff21b30000 - 0x00007fff21b9b000 	C:\WINDOWS\System32\WS2_32.dll
0x00007fff1dd90000 - 0x00007fff1dd9f000 	C:\Program Files\Android\Android Studio1\jre\jre\bin\verify.dll
0x00007fff16450000 - 0x00007fff16479000 	C:\Program Files\Android\Android Studio1\jre\jre\bin\java.dll
0x00007fff1dce0000 - 0x00007fff1dcf6000 	C:\Program Files\Android\Android Studio1\jre\jre\bin\zip.dll
0x00007fff1fdf0000 - 0x00007fff1fe16000 	C:\WINDOWS\SYSTEM32\profapi.dll
0x00007fff1b6f0000 - 0x00007fff1b70a000 	C:\Program Files\Android\Android Studio1\jre\jre\bin\net.dll
0x00007fff1f5f0000 - 0x00007fff1f65a000 	C:\WINDOWS\system32\mswsock.dll
0x00007fff17740000 - 0x00007fff17753000 	C:\Program Files\Android\Android Studio1\jre\jre\bin\nio.dll
0x00007fff0e480000 - 0x00007fff0e4a6000 	C:\Users\Asus\.gradle\native\31\windows-amd64\native-platform.dll
0x00007fff1db30000 - 0x00007fff1db3d000 	C:\Program Files\Android\Android Studio1\jre\jre\bin\management.dll
0x00007fff1f7c0000 - 0x00007fff1f7d8000 	C:\WINDOWS\SYSTEM32\CRYPTSP.dll
0x00007fff1ef20000 - 0x00007fff1ef54000 	C:\WINDOWS\system32\rsaenh.dll
0x00007fff1fdb0000 - 0x00007fff1fdde000 	C:\WINDOWS\SYSTEM32\USERENV.dll
0x00007fff206d0000 - 0x00007fff2074f000 	C:\WINDOWS\System32\bcryptprimitives.dll
0x00007fff1f7e0000 - 0x00007fff1f7ec000 	C:\WINDOWS\SYSTEM32\CRYPTBASE.dll
0x00007fff1f280000 - 0x00007fff1f2bb000 	C:\WINDOWS\SYSTEM32\IPHLPAPI.DLL
0x00007fff20cb0000 - 0x00007fff20cb9000 	C:\WINDOWS\System32\NSI.dll
0x00007fff18aa0000 - 0x00007fff18ab7000 	C:\WINDOWS\SYSTEM32\dhcpcsvc6.DLL
0x00007fff18b20000 - 0x00007fff18b3d000 	C:\WINDOWS\SYSTEM32\dhcpcsvc.DLL
0x00007fff1f2d0000 - 0x00007fff1f39b000 	C:\WINDOWS\SYSTEM32\DNSAPI.dll
0x00007fff0eea0000 - 0x00007fff0eec4000 	C:\Program Files\Android\Android Studio1\jre\jre\bin\sunec.dll
0x00007fff11540000 - 0x00007fff1154a000 	C:\Windows\System32\rasadhlp.dll
0x00007fff12660000 - 0x00007fff126df000 	C:\WINDOWS\System32\fwpuclnt.dll
0x00007fff1d6d0000 - 0x00007fff1d6db000 	C:\Program Files\Android\Android Studio1\jre\jre\bin\sunmscapi.dll
0x0000000025a80000 - 0x0000000025bdd000 	C:\WINDOWS\System32\CRYPT32.dll
0x00007fff1ebb0000 - 0x00007fff1ebe3000 	C:\WINDOWS\SYSTEM32\ntmarta.dll
0x00007fff1d3b0000 - 0x00007fff1d440000 	C:\WINDOWS\system32\apphelp.dll
0x00007fff0e910000 - 0x00007fff0eaf4000 	C:\WINDOWS\SYSTEM32\dbghelp.dll

VM Arguments:
jvm_args: -Xmx2048m -Dfile.encoding=windows-1252 -Duser.country=MX -Duser.language=es -Duser.variant 
java_command: org.gradle.launcher.daemon.bootstrap.GradleDaemon 6.1.1
java_class_path (initial): C:\Users\Asus\.gradle\wrapper\dists\gradle-6.1.1-all\cfmwm155h49vnt3hynmlrsdst\gradle-6.1.1\lib\gradle-launcher-6.1.1.jar
Launcher Type: SUN_STANDARD

Environment Variables:
JAVA_HOME=C:\Program Files\Java\jdk-15.0.1
PATH=C:\Program Files\Java\jdk-15.0.1\bin;C:\Program Files\Common Files\Oracle\Java\javapath;C:\WINDOWS\system32;C:\WINDOWS;C:\WINDOWS\System32\Wbem;C:\WINDOWS\System32\WindowsPowerShell\v1.0\;C:\WINDOWS\System32\OpenSSH\;C:\Program Files\Git\cmd;C:\Users\Asus\AppData\Local\Microsoft\WindowsApps;
USERNAME=Asus
OS=Windows_NT
PROCESSOR_IDENTIFIER=Intel64 Family 6 Model 42 Stepping 7, GenuineIntel



---------------  S Y S T E M  ---------------

OS: Windows 10.0 , 64 bit Build 19041 (10.0.19041.546)

CPU:total 4 (initial active 4) (2 cores per cpu, 2 threads per core) family 6 model 42 stepping 7, cmov, cx8, fxsr, mmx, sse, sse2, sse3, ssse3, sse4.1, sse4.2, popcnt, avx, aes, clmul, ht, tsc, tscinvbit

Memory: 4k page, physical 12353588k(5349356k free), swap 14254132k(6569772k free)

vm_info: OpenJDK 64-Bit Server VM (25.242-b01) for windows-amd64 JRE (1.8.0_242-release-1644-b01), built by "builder" with MS VC++ 10.0 (VS2010)

time: Tue Nov 10 13:42:08 2020
timezone: Hora estándar central (México)
elapsed time: 2692 seconds (0d 0h 44m 52s)

